<?xml version="1.0" encoding="UTF-8"?>
<!-- Generated by org.testng.reporters.JUnitReportReporter -->
<testsuite hostname="LAPTOP-QT4FMRJK" failures="0" tests="2" name="Testngpkg.testngdemo" time="0.007" errors="0" timestamp="2023-09-16T10:51:57 IST" skipped="0">
  <testcase classname="Testngpkg.testngdemo" name="test2" time="0.005"/>
  <system-out/>
  <testcase classname="Testngpkg.testngdemo" name="test1" time="0.002"/>
  <system-out/>
</testsuite> <!-- Testngpkg.testngdemo -->
