<?xml version="1.0" encoding="UTF-8"?>
<!-- Generated by org.testng.reporters.JUnitReportReporter -->
<testsuite hostname="LAPTOP-QT4FMRJK" failures="0" tests="1" name="webdriverproject.saucedemopgm" time="0.470" errors="0" timestamp="2023-09-28T22:47:25 IST" skipped="0">
  <testcase classname="webdriverproject.saucedemopgm" name="test" time="0.470"/>
  <system-out/>
</testsuite> <!-- webdriverproject.saucedemopgm -->
