<?xml version="1.0" encoding="UTF-8"?>
<!-- Generated by org.testng.reporters.JUnitReportReporter -->
<testsuite hostname="LAPTOP-QT4FMRJK" failures="0" tests="1" name="webdriverproject.jddisablenotif" time="4.480" errors="0" timestamp="2023-09-28T10:12:56 IST" skipped="0">
  <testcase classname="webdriverproject.jddisablenotif" name="test" time="4.480"/>
  <system-out/>
</testsuite> <!-- webdriverproject.jddisablenotif -->
