<?xml version="1.0" encoding="UTF-8"?>
<!-- Generated by org.testng.reporters.JUnitReportReporter -->
<testsuite hostname="LAPTOP-QT4FMRJK" failures="0" tests="1" name="Testngpkg.parameterspgm" time="0.004" errors="0" timestamp="2023-09-18T09:48:08 IST" skipped="0">
  <testcase classname="Testngpkg.parameterspgm" name="test" time="0.004"/>
  <system-out/>
</testsuite> <!-- Testngpkg.parameterspgm -->
