<?xml version="1.0" encoding="UTF-8"?>
<!-- Generated by org.testng.reporters.JUnitReportReporter -->
<testsuite hostname="LAPTOP-QT4FMRJK" failures="0" tests="1" name="webdriverproject.RightandDoubleclick" time="2.136" errors="0" timestamp="2023-09-24T22:42:38 IST" skipped="0">
  <testcase classname="webdriverproject.RightandDoubleclick" name="test1" time="2.136"/>
  <system-out/>
</testsuite> <!-- webdriverproject.RightandDoubleclick -->
