<?xml version="1.0" encoding="UTF-8"?>
<!-- Generated by org.testng.reporters.JUnitReportReporter -->
<testsuite hostname="LAPTOP-QT4FMRJK" failures="0" tests="2" name="Testngpkg.grouping" time="0.007" errors="0" timestamp="2023-09-16T11:15:40 IST" skipped="0">
  <testcase classname="Testngpkg.grouping" name="test2" time="0.002"/>
  <system-out/>
  <testcase classname="Testngpkg.grouping" name="test1" time="0.005"/>
  <system-out/>
</testsuite> <!-- Testngpkg.grouping -->
