<?xml version="1.0" encoding="UTF-8"?>
<!-- Generated by org.testng.reporters.JUnitReportReporter -->
<testsuite hostname="LAPTOP-QT4FMRJK" failures="0" tests="3" name="webdriverproject.CrossBrowserTesting" time="4.954" errors="0" timestamp="2023-09-20T21:32:53 IST" skipped="0">
  <testcase classname="webdriverproject.CrossBrowserTesting" name="test" time="1.172"/>
  <system-out/>
  <testcase classname="webdriverproject.CrossBrowserTesting" name="test" time="2.586"/>
  <system-out/>
  <testcase classname="webdriverproject.CrossBrowserTesting" name="test" time="1.196"/>
  <system-out/>
</testsuite> <!-- webdriverproject.CrossBrowserTesting -->
