<?xml version="1.0" encoding="UTF-8"?>
<!-- Generated by org.testng.reporters.JUnitReportReporter -->
<testsuite hostname="LAPTOP-QT4FMRJK" failures="0" tests="1" name="webdriverproject.copypaste" time="3.156" errors="0" timestamp="2023-09-20T22:11:28 IST" skipped="0">
  <testcase classname="webdriverproject.copypaste" name="test1" time="3.156"/>
  <system-out/>
</testsuite> <!-- webdriverproject.copypaste -->
