<?xml version="1.0" encoding="UTF-8"?>
<!-- Generated by org.testng.reporters.JUnitReportReporter -->
<testsuite hostname="LAPTOP-QT4FMRJK" failures="0" tests="1" name="webdriverproject.Ebay" time="0.160" errors="0" timestamp="2023-09-24T22:43:45 IST" skipped="0">
  <testcase classname="webdriverproject.Ebay" name="test" time="0.160"/>
  <system-out/>
</testsuite> <!-- webdriverproject.Ebay -->
