<?xml version="1.0" encoding="UTF-8"?>
<!-- Generated by org.testng.reporters.JUnitReportReporter -->
<testsuite hostname="LAPTOP-QT4FMRJK" failures="0" tests="1" name="test.fblogintest" time="2.475" errors="0" timestamp="2023-10-04T22:46:41 IST" skipped="0">
  <testcase classname="test.fblogintest" name="test" time="2.475"/>
  <system-out/>
</testsuite> <!-- test.fblogintest -->
